<?xml version="1.0" encoding="UTF-8"?>
<testsuite xmlns:xsi="http://www.w3.org/2001/XMLSchema-instance" xsi:noNamespaceSchemaLocation="https://maven.apache.org/surefire/maven-surefire-plugin/xsd/surefire-test-report.xsd" version="3.0.2" name="com.example.service_historique.ServiceHistoriqueApplicationTests" time="12.176" tests="1" errors="0" skipped="0" failures="0">
  <properties>
[...]
</properties>
  <testcase name="contextLoads" classname="com.example.service_historique.ServiceHistoriqueApplicationTests" time="1.003">
    <system-out><![CDATA[11:54:39.778 [main] INFO org.springframework.test.context.support.AnnotationConfigContextLoaderUtils -- Could not detect default configuration classes for test class [com.example.service_historique.ServiceHistoriqueApplicationTests]: ServiceHistoriqueApplicationTests does not declare any static, non-private, non-final, nested classes annotated with @Configuration.
11:54:40.041 [main] INFO org.springframework.boot.test.context.SpringBootTestContextBootstrapper -- Found @SpringBootConfiguration com.example.service_historique.ServiceHistoriqueApplication for test class com.example.service_historique.ServiceHistoriqueApplicationTests

  .   ____          _            __ _ _
 /\\ / ___'_ __ _ _(_)_ __  __ _ \ \ \ \
( ( )\___ | '_ | '_| | '_ \/ _` | \ \ \ \
 \\/  ___)| |_)| | | | | || (_| |  ) ) ) )
  '  |____| .__|_| |_|_| |_\__, | / / / /
 =========|_|==============|___/=/_/_/_/

 :: Spring Boot ::                (v3.4.3)

2025-03-19T11:54:41.234Z  INFO 16940 --- [service_historique] [           main] c.e.s.ServiceHistoriqueApplicationTests  : Starting ServiceHistoriqueApplicationTests using Java 17.0.12 with PID 16940 (started by Yann Hallage in C:\appjs\gestion-incidents\backend\service_historique)
2025-03-19T11:54:41.240Z  INFO 16940 --- [service_historique] [           main] c.e.s.ServiceHistoriqueApplicationTests  : No active profile set, falling back to 1 default profile: "default"
2025-03-19T11:54:42.958Z  INFO 16940 --- [service_historique] [           main] .s.d.r.c.RepositoryConfigurationDelegate : Bootstrapping Spring Data JPA repositories in DEFAULT mode.
2025-03-19T11:54:43.112Z  INFO 16940 --- [service_historique] [           main] .s.d.r.c.RepositoryConfigurationDelegate : Finished Spring Data repository scanning in 132 ms. Found 1 JPA repository interface.
2025-03-19T11:54:44.238Z  INFO 16940 --- [service_historique] [           main] o.hibernate.jpa.internal.util.LogHelper  : HHH000204: Processing PersistenceUnitInfo [name: default]
2025-03-19T11:54:44.446Z  INFO 16940 --- [service_historique] [           main] org.hibernate.Version                    : HHH000412: Hibernate ORM core version 6.6.8.Final
2025-03-19T11:54:44.575Z  INFO 16940 --- [service_historique] [           main] o.h.c.internal.RegionFactoryInitiator    : HHH000026: Second-level cache disabled
2025-03-19T11:54:45.532Z  INFO 16940 --- [service_historique] [           main] o.s.o.j.p.SpringPersistenceUnitInfo      : No LoadTimeWeaver setup: ignoring JPA class transformer
2025-03-19T11:54:45.671Z  INFO 16940 --- [service_historique] [           main] com.zaxxer.hikari.HikariDataSource       : HikariPool-1 - Starting...
2025-03-19T11:54:46.365Z  INFO 16940 --- [service_historique] [           main] com.zaxxer.hikari.pool.HikariPool        : HikariPool-1 - Added connection com.mysql.cj.jdbc.ConnectionImpl@146f3d22
2025-03-19T11:54:46.370Z  INFO 16940 --- [service_historique] [           main] com.zaxxer.hikari.HikariDataSource       : HikariPool-1 - Start completed.
2025-03-19T11:54:46.622Z  INFO 16940 --- [service_historique] [           main] org.hibernate.orm.connections.pooling    : HHH10001005: Database info:
	Database JDBC URL [Connecting through datasource 'HikariDataSource (HikariPool-1)']
	Database driver: undefined/unknown
	Database version: 8.0.41
	Autocommit mode: undefined/unknown
	Isolation level: undefined/unknown
	Minimum pool size: undefined/unknown
	Maximum pool size: undefined/unknown
2025-03-19T11:54:48.700Z  INFO 16940 --- [service_historique] [           main] o.h.e.t.j.p.i.JtaPlatformInitiator       : HHH000489: No JTA platform available (set 'hibernate.transaction.jta.platform' to enable JTA platform integration)
2025-03-19T11:54:48.804Z  INFO 16940 --- [service_historique] [           main] j.LocalContainerEntityManagerFactoryBean : Initialized JPA EntityManagerFactory for persistence unit 'default'
2025-03-19T11:54:49.732Z  WARN 16940 --- [service_historique] [           main] JpaBaseConfiguration$JpaWebConfiguration : spring.jpa.open-in-view is enabled by default. Therefore, database queries may be performed during view rendering. Explicitly configure spring.jpa.open-in-view to disable this warning
2025-03-19T11:54:50.563Z  INFO 16940 --- [service_historique] [           main] c.e.s.ServiceHistoriqueApplicationTests  : Started ServiceHistoriqueApplicationTests in 10.076 seconds (process running for 12.317)
]]></system-out>
  </testcase>
</testsuite>