<?xml version="1.0" encoding="UTF-8"?>
<testsuite xmlns:xsi="http://www.w3.org/2001/XMLSchema-instance" xsi:noNamespaceSchemaLocation="https://maven.apache.org/surefire/maven-surefire-plugin/xsd/surefire-test-report.xsd" version="3.0.2" name="com.example.service_auth.ServiceAuthApplicationTests" time="13.158" tests="1" errors="0" skipped="0" failures="0">
  <properties>
[...]
</properties>
  <testcase name="contextLoads" classname="com.example.service_auth.ServiceAuthApplicationTests" time="1.122">
    <system-out><![CDATA[01:55:54.935 [main] INFO org.springframework.test.context.support.AnnotationConfigContextLoaderUtils -- Could not detect default configuration classes for test class [com.example.service_auth.ServiceAuthApplicationTests]: ServiceAuthApplicationTests does not declare any static, non-private, non-final, nested classes annotated with @Configuration.
01:55:55.224 [main] INFO org.springframework.boot.test.context.SpringBootTestContextBootstrapper -- Found @SpringBootConfiguration com.example.service_auth.ServiceAuthApplication for test class com.example.service_auth.ServiceAuthApplicationTests

  .   ____          _            __ _ _
 /\\ / ___'_ __ _ _(_)_ __  __ _ \ \ \ \
( ( )\___ | '_ | '_| | '_ \/ _` | \ \ \ \
 \\/  ___)| |_)| | | | | || (_| |  ) ) ) )
  '  |____| .__|_| |_|_| |_\__, | / / / /
 =========|_|==============|___/=/_/_/_/

 :: Spring Boot ::                (v3.4.3)

2025-03-19T01:55:56.485Z  INFO 13032 --- [service_auth] [           main] c.e.s.ServiceAuthApplicationTests        : Starting ServiceAuthApplicationTests using Java 17.0.12 with PID 13032 (started by Yann Hallage in C:\appjs\gestion-incidents\backend\service_auth)
2025-03-19T01:55:56.487Z DEBUG 13032 --- [service_auth] [           main] c.e.s.ServiceAuthApplicationTests        : Running with Spring Boot v3.4.3, Spring v6.2.3
2025-03-19T01:55:56.489Z  INFO 13032 --- [service_auth] [           main] c.e.s.ServiceAuthApplicationTests        : No active profile set, falling back to 1 default profile: "default"
2025-03-19T01:55:58.423Z  INFO 13032 --- [service_auth] [           main] .s.d.r.c.RepositoryConfigurationDelegate : Bootstrapping Spring Data JPA repositories in DEFAULT mode.
2025-03-19T01:55:58.574Z  INFO 13032 --- [service_auth] [           main] .s.d.r.c.RepositoryConfigurationDelegate : Finished Spring Data repository scanning in 126 ms. Found 1 JPA repository interface.
2025-03-19T01:55:59.756Z  INFO 13032 --- [service_auth] [           main] o.hibernate.jpa.internal.util.LogHelper  : HHH000204: Processing PersistenceUnitInfo [name: default]
2025-03-19T01:55:59.905Z  INFO 13032 --- [service_auth] [           main] org.hibernate.Version                    : HHH000412: Hibernate ORM core version 6.6.8.Final
2025-03-19T01:56:00.001Z  INFO 13032 --- [service_auth] [           main] o.h.c.internal.RegionFactoryInitiator    : HHH000026: Second-level cache disabled
2025-03-19T01:56:00.923Z  INFO 13032 --- [service_auth] [           main] o.s.o.j.p.SpringPersistenceUnitInfo      : No LoadTimeWeaver setup: ignoring JPA class transformer
2025-03-19T01:56:01.005Z  INFO 13032 --- [service_auth] [           main] com.zaxxer.hikari.HikariDataSource       : HikariPool-1 - Starting...
2025-03-19T01:56:01.714Z  INFO 13032 --- [service_auth] [           main] com.zaxxer.hikari.pool.HikariPool        : HikariPool-1 - Added connection com.mysql.cj.jdbc.ConnectionImpl@2f038d3c
2025-03-19T01:56:01.720Z  INFO 13032 --- [service_auth] [           main] com.zaxxer.hikari.HikariDataSource       : HikariPool-1 - Start completed.
2025-03-19T01:56:01.993Z  INFO 13032 --- [service_auth] [           main] org.hibernate.orm.connections.pooling    : HHH10001005: Database info:
	Database JDBC URL [Connecting through datasource 'HikariDataSource (HikariPool-1)']
	Database driver: undefined/unknown
	Database version: 8.0.41
	Autocommit mode: undefined/unknown
	Isolation level: undefined/unknown
	Minimum pool size: undefined/unknown
	Maximum pool size: undefined/unknown
2025-03-19T01:56:03.987Z  INFO 13032 --- [service_auth] [           main] o.h.e.t.j.p.i.JtaPlatformInitiator       : HHH000489: No JTA platform available (set 'hibernate.transaction.jta.platform' to enable JTA platform integration)
2025-03-19T01:56:04.125Z  INFO 13032 --- [service_auth] [           main] j.LocalContainerEntityManagerFactoryBean : Initialized JPA EntityManagerFactory for persistence unit 'default'
2025-03-19T01:56:04.961Z  WARN 13032 --- [service_auth] [           main] JpaBaseConfiguration$JpaWebConfiguration : spring.jpa.open-in-view is enabled by default. Therefore, database queries may be performed during view rendering. Explicitly configure spring.jpa.open-in-view to disable this warning
2025-03-19T01:56:05.009Z  WARN 13032 --- [service_auth] [           main] .s.s.UserDetailsServiceAutoConfiguration : 

Using generated security password: 6dab22ed-e0f3-4e40-9eb9-43e08c604bec

This generated password is for development use only. Your security configuration must be updated before running your application in production.

2025-03-19T01:56:05.048Z  INFO 13032 --- [service_auth] [           main] r$InitializeUserDetailsManagerConfigurer : Global AuthenticationManager configured with UserDetailsService bean with name inMemoryUserDetailsManager
2025-03-19T01:56:05.821Z DEBUG 13032 --- [service_auth] [           main] o.s.s.web.DefaultSecurityFilterChain     : Will secure any request with filters: DisableEncodeUrlFilter, WebAsyncManagerIntegrationFilter, SecurityContextHolderFilter, HeaderWriterFilter, CorsFilter, LogoutFilter, RequestCacheAwareFilter, SecurityContextHolderAwareRequestFilter, AnonymousAuthenticationFilter, ExceptionTranslationFilter, AuthorizationFilter
2025-03-19T01:56:06.529Z  INFO 13032 --- [service_auth] [           main] c.e.s.ServiceAuthApplicationTests        : Started ServiceAuthApplicationTests in 10.816 seconds (process running for 13.275)
]]></system-out>
  </testcase>
</testsuite>